[0.017s] Invoking command in '/home/yusuf/ros2_ws/build/robot_sensing': CMAKE_PREFIX_PATH=${CMAKE_PREFIX_PATH}:/home/yusuf/ros2_ws/install/urdf_tutorial_r2d2:/home/yusuf/ros2_ws/install/turtlebot3_teleop:/home/yusuf/ros2_ws/install/turtlebot3_example:/home/yusuf/ros2_ws/install/robot_python:/opt/ros/humble /usr/bin/cmake --build /home/yusuf/ros2_ws/build/robot_sensing -- -j8 -l8
[0.084s] [35m[1mConsolidate compiler generated dependencies of target line_following[0m
[0.104s] [ 33%] Built target odom_kinematic
[0.107s] [ 66%] Built target maze_lidar
[0.117s] [ 83%] [32mBuilding CXX object CMakeFiles/line_following.dir/src/linefollowing.cpp.o[0m
[4.023s] [01m[K/home/yusuf/ros2_ws/src/robot_sensing/src/linefollowing.cpp:135:2:[m[K [01;31m[Kerror: [m[Kexpected â€˜[01m[K}[m[Kâ€™ at end of input
[4.023s]   135 | }
[4.024s]       |  [01;31m[K^[m[K
[4.024s] [01m[K/home/yusuf/ros2_ws/src/robot_sensing/src/linefollowing.cpp:16:1:[m[K [01;36m[Knote: [m[Kto match this â€˜[01m[K{[m[Kâ€™
[4.024s]    16 | [01;36m[K{[m[K
[4.024s]       | [01;36m[K^[m[K
[4.042s] [01m[K/home/yusuf/ros2_ws/src/robot_sensing/src/linefollowing.cpp:[m[K In constructor â€˜[01m[KLineFollowing::LineFollowing()[m[Kâ€™:
[4.043s] [01m[K/home/yusuf/ros2_ws/src/robot_sensing/src/linefollowing.cpp:24:5:[m[K [01;31m[Kerror: [m[Kâ€˜[01m[K_subscriber[m[Kâ€™ was not declared in this scope; did you mean â€˜[01m[Kcount_subscribers[m[Kâ€™?
[4.043s]    24 |     [01;31m[K_subscriber[m[K = this->create_subscription<sensor_msgs::msg::Image>(
[4.043s]       |     [01;31m[K^~~~~~~~~~~[m[K
[4.043s]       |     [32m[Kcount_subscribers[m[K
[4.117s] [01m[K/home/yusuf/ros2_ws/src/robot_sensing/src/linefollowing.cpp:27:5:[m[K [01;31m[Kerror: [m[Kâ€˜[01m[K_publisher[m[Kâ€™ was not declared in this scope; did you mean â€˜[01m[Krmw_publisher_t[m[Kâ€™?
[4.117s]    27 |     [01;31m[K_publisher[m[K = this->create_publisher<geometry_msgs::msg::Twist>("/cmd_vel", 10);
[4.117s]       |     [01;31m[K^~~~~~~~~~[m[K
[4.117s]       |     [32m[Krmw_publisher_t[m[K
[4.140s] [01m[K/home/yusuf/ros2_ws/src/robot_sensing/src/linefollowing.cpp:[m[K In member function â€˜[01m[Kvoid LineFollowing::subCallback(sensor_msgs::msg::Image_<std::allocator<void> >::SharedPtr)[m[Kâ€™:
[4.141s] [01m[K/home/yusuf/ros2_ws/src/robot_sensing/src/linefollowing.cpp:125:10:[m[K [01;35m[Kwarning: [m[Kunused variable â€˜[01m[K_count[m[Kâ€™ [[01;35m[K]8;;https://gcc.gnu.org/onlinedocs/gcc/Warning-Options.html#index-Wunused-variable-Wunused-variable]8;;[m[K]
[4.141s]   125 |   size_t [01;35m[K_count[m[K;
[4.141s]       |          [01;35m[K^~~~~~[m[K
[4.145s] [01m[K/home/yusuf/ros2_ws/src/robot_sensing/src/linefollowing.cpp:[m[K At global scope:
[4.145s] [01m[K/home/yusuf/ros2_ws/src/robot_sensing/src/linefollowing.cpp:135:2:[m[K [01;31m[Kerror: [m[Kexpected unqualified-id at end of input
[4.146s]   135 | }
[4.146s]       |  [01;31m[K^[m[K
[7.739s] gmake[2]: *** [CMakeFiles/line_following.dir/build.make:76: CMakeFiles/line_following.dir/src/linefollowing.cpp.o] Error 1
[7.739s] gmake[1]: *** [CMakeFiles/Makefile2:193: CMakeFiles/line_following.dir/all] Error 2
[7.739s] gmake: *** [Makefile:146: all] Error 2
[7.742s] Invoked command in '/home/yusuf/ros2_ws/build/robot_sensing' returned '2': CMAKE_PREFIX_PATH=${CMAKE_PREFIX_PATH}:/home/yusuf/ros2_ws/install/urdf_tutorial_r2d2:/home/yusuf/ros2_ws/install/turtlebot3_teleop:/home/yusuf/ros2_ws/install/turtlebot3_example:/home/yusuf/ros2_ws/install/robot_python:/opt/ros/humble /usr/bin/cmake --build /home/yusuf/ros2_ws/build/robot_sensing -- -j8 -l8
