[01m[K/home/yusuf/ros2_ws/src/ros_fundamental/src/tf_static.cpp:5:10:[m[K [01;31m[Kfatal error: [m[Ktf2/LinearMath/Quaternion.h: No such file or directory
    5 | #include [01;31m[K"tf2/LinearMath/Quaternion.h"[m[K
      |          [01;31m[K^~~~~~~~~~~~~~~~~~~~~~~~~~~~~[m[K
compilation terminated.
gmake[2]: *** [CMakeFiles/tf_static.dir/build.make:76: CMakeFiles/tf_static.dir/src/tf_static.cpp.o] Error 1
gmake[1]: *** [CMakeFiles/Makefile2:221: CMakeFiles/tf_static.dir/all] Error 2
gmake: *** [Makefile:146: all] Error 2
