[0.021s] Invoking command in '/home/yusuf/ros2_ws/build/robot_sensing': CMAKE_PREFIX_PATH=${CMAKE_PREFIX_PATH}:/home/yusuf/ros2_ws/install/urdf_tutorial_r2d2:/home/yusuf/ros2_ws/install/turtlebot3_teleop:/home/yusuf/ros2_ws/install/turtlebot3_example:/home/yusuf/ros2_ws/install/robot_python:/opt/ros/humble /usr/bin/cmake --build /home/yusuf/ros2_ws/build/robot_sensing -- -j8 -l8
[0.095s] [35m[1mConsolidate compiler generated dependencies of target line_following[0m
[0.115s] [ 33%] Built target maze_lidar
[0.120s] [ 66%] Built target odom_kinematic
[0.134s] [ 83%] [32mBuilding CXX object CMakeFiles/line_following.dir/src/linefollowing.cpp.o[0m
[3.746s] [01m[K/home/yusuf/ros2_ws/src/robot_sensing/src/linefollowing.cpp:[m[K In member function â€˜[01m[Kvoid LineFollowing::subCallback(sensor_msgs::msg::Image_<std::allocator<void> >::SharedPtr)[m[Kâ€™:
[3.747s] [01m[K/home/yusuf/ros2_ws/src/robot_sensing/src/linefollowing.cpp:73:19:[m[K [01;31m[Kerror: [m[Kâ€˜[01m[KcannyImage[m[Kâ€™ was not declared in this scope; did you mean â€˜[01m[Kcanny_image[m[Kâ€™?
[3.747s]    73 |     cv::Mat roi = [01;31m[KcannyImage[m[K(cv::Range(row, row + 240), cv::Range(column, column + 640));
[3.747s]       |                   [01;31m[K^~~~~~~~~~[m[K
[3.747s]       |                   [32m[Kcanny_image[m[K
[6.521s] gmake[2]: *** [CMakeFiles/line_following.dir/build.make:76: CMakeFiles/line_following.dir/src/linefollowing.cpp.o] Error 1
[6.521s] gmake[1]: *** [CMakeFiles/Makefile2:193: CMakeFiles/line_following.dir/all] Error 2
[6.521s] gmake: *** [Makefile:146: all] Error 2
[6.524s] Invoked command in '/home/yusuf/ros2_ws/build/robot_sensing' returned '2': CMAKE_PREFIX_PATH=${CMAKE_PREFIX_PATH}:/home/yusuf/ros2_ws/install/urdf_tutorial_r2d2:/home/yusuf/ros2_ws/install/turtlebot3_teleop:/home/yusuf/ros2_ws/install/turtlebot3_example:/home/yusuf/ros2_ws/install/robot_python:/opt/ros/humble /usr/bin/cmake --build /home/yusuf/ros2_ws/build/robot_sensing -- -j8 -l8
