[1.059s] Invoking command in '/home/yusuf/ros2_ws/build/navigation_': CMAKE_PREFIX_PATH=${CMAKE_PREFIX_PATH}:/home/yusuf/ros2_ws/install/robot_python:/opt/ros/humble /usr/bin/cmake --build /home/yusuf/ros2_ws/build/navigation_ -- -j8 -l8
[2.327s] -- Found ament_cmake: 1.3.6 (/opt/ros/humble/share/ament_cmake/cmake)
[2.328s] -- Found rclcpp: 16.0.7 (/opt/ros/humble/share/rclcpp/cmake)
[2.332s] -- Found rosidl_generator_c: 3.1.5 (/opt/ros/humble/share/rosidl_generator_c/cmake)
[2.338s] -- Found rosidl_adapter: 3.1.5 (/opt/ros/humble/share/rosidl_adapter/cmake)
[2.338s] -- Found rosidl_generator_cpp: 3.1.5 (/opt/ros/humble/share/rosidl_generator_cpp/cmake)
[2.339s] -- Using all available rosidl_typesupport_c: rosidl_typesupport_fastrtps_c;rosidl_typesupport_introspection_c
[2.340s] -- Using all available rosidl_typesupport_cpp: rosidl_typesupport_fastrtps_cpp;rosidl_typesupport_introspection_cpp
[2.342s] -- Found rmw_implementation_cmake: 6.1.1 (/opt/ros/humble/share/rmw_implementation_cmake/cmake)
[2.343s] -- Found rmw_fastrtps_cpp: 6.2.5 (/opt/ros/humble/share/rmw_fastrtps_cpp/cmake)
[2.839s] -- Using RMW implementation 'rmw_fastrtps_cpp' as default
[3.751s] -- Found rclpy: 3.3.11 (/opt/ros/humble/share/rclpy/cmake)
[3.754s] -- Found nav2_msgs: 1.1.12 (/opt/ros/humble/share/nav2_msgs/cmake)
[5.987s] -- Found ament_lint_auto: 0.12.9 (/opt/ros/humble/share/ament_lint_auto/cmake)
[6.278s] -- Added test 'flake8' to check Python code syntax and style conventions
[6.283s] -- Added test 'lint_cmake' to check CMake code style
[6.283s] -- Added test 'pep257' to check Python code against some of the docstring style conventions in PEP 257
[6.287s] -- Added test 'xmllint' to check XML markup files
[6.290s] -- Configuring done
[6.317s] -- Generating done
[6.325s] -- Build files have been written to: /home/yusuf/ros2_ws/build/navigation_
[6.470s] Built target ament_cmake_python_copy_navigation_
[7.482s] running egg_info
[7.483s] error: Invalid distribution name or version syntax: navigation--0.0.0
[7.544s] gmake[2]: *** [CMakeFiles/ament_cmake_python_build_navigation__egg.dir/build.make:70: CMakeFiles/ament_cmake_python_build_navigation__egg] Error 1
[7.545s] gmake[1]: *** [CMakeFiles/Makefile2:164: CMakeFiles/ament_cmake_python_build_navigation__egg.dir/all] Error 2
[7.545s] gmake: *** [Makefile:146: all] Error 2
[7.551s] Invoked command in '/home/yusuf/ros2_ws/build/navigation_' returned '2': CMAKE_PREFIX_PATH=${CMAKE_PREFIX_PATH}:/home/yusuf/ros2_ws/install/robot_python:/opt/ros/humble /usr/bin/cmake --build /home/yusuf/ros2_ws/build/navigation_ -- -j8 -l8
