[0.666s] Invoking command in '/home/yusuf/ros2_ws/build/ros2_control_demo_example_1': CMAKE_PREFIX_PATH=/home/yusuf/ros2_ws/install/ros2_control_demo_description:/home/yusuf/ros2_ws/install/turtlebot3:/home/yusuf/ros2_ws/install/turtlebot3_simulations:/home/yusuf/ros2_ws/install/turtlebot3_bringup:/home/yusuf/ros2_ws/install/turtlebot3_node:/home/yusuf/ros2_ws/install/turtlebot3_navigation2:/home/yusuf/ros2_ws/install/turtlebot3_gazebo:/home/yusuf/ros2_ws/install/turtlebot3_fake_node:/home/yusuf/ros2_ws/install/turtlebot3_description:/home/yusuf/ros2_ws/install/turtlebot3_cartographer:/home/yusuf/ros2_ws/install/ros_fundamental:/home/yusuf/ros2_ws/install/robot_test:/home/yusuf/ros2_ws/install/robot_cpp:/home/yusuf/ros2_ws/install/robot_control:/home/yusuf/ros2_ws/install/point_cloud_processing:/home/yusuf/ros2_ws/install/navigation_tb3:/home/yusuf/ros2_ws/install/navigation_1:/home/yusuf/ros2_ws/install/navigation_:/home/yusuf/ros2_ws/install/my_cpp_py_pkg:/home/yusuf/ros2_ws/install/drive_turtle:/home/yusuf/ros2_ws/install/drive_tb3:/home/yusuf/assignment_ws/install/module_9_assignment:/home/yusuf/assignment_ws/install/module_8_assignment:/home/yusuf/assignment_ws/install/module_7_assignment:/home/yusuf/assignment_ws/install/module_6_assignment:/home/yusuf/assignment_ws/install/module_5_assignment:/home/yusuf/assignment_ws/install/module_4_assignment:/home/yusuf/assignment_ws/install/module_3_assignment:/home/yusuf/assignment_ws/install/module_2_assignment:/home/yusuf/assignment_ws/install/module_1_assignment:/home/yusuf/assignment_ws/install/module_10_assignment:/home/yusuf/ros2_ws/install/urdf_tutorial_r2d2:/home/yusuf/ros2_ws/install/turtlebot3_teleop:/home/yusuf/ros2_ws/install/turtlebot3_example:/home/yusuf/ros2_ws/install/robot_python:/opt/ros/humble /usr/bin/cmake --build /home/yusuf/ros2_ws/build/ros2_control_demo_example_1 -- -j8 -l8
[0.764s] [ 50%] [32mBuilding CXX object CMakeFiles/ros2_control_demo_example_1.dir/hardware/rrbot.cpp.o[0m
[2.931s] gmake[2]: *** [CMakeFiles/ros2_control_demo_example_1.dir/build.make:76: CMakeFiles/ros2_control_demo_example_1.dir/hardware/rrbot.cpp.o] Interrupt
[2.933s] gmake[1]: *** [CMakeFiles/Makefile2:137: CMakeFiles/ros2_control_demo_example_1.dir/all] Interrupt
[2.935s] gmake: *** [Makefile:146: all] Interrupt
