[35m[1mConsolidate compiler generated dependencies of target line_following[0m
[ 33%] Built target maze_lidar
[ 66%] Built target odom_kinematic
[ 83%] [32mBuilding CXX object CMakeFiles/line_following.dir/src/linefollowing.cpp.o[0m
[01m[K/home/yusuf/ros2_ws/src/robot_sensing/src/linefollowing.cpp:[m[K In member function â€˜[01m[Kvoid LineFollowing::subCallback(sensor_msgs::msg::Image_<std::allocator<void> >::SharedPtr)[m[Kâ€™:
[01m[K/home/yusuf/ros2_ws/src/robot_sensing/src/linefollowing.cpp:35:16:[m[K [01;31m[Kerror: [m[Kâ€˜[01m[KCVImagePtr[m[Kâ€™ is not a member of â€˜[01m[Kcv_bridge[m[Kâ€™; did you mean â€˜[01m[KCvImagePtr[m[Kâ€™?
   35 |     cv_bridge::[01;31m[KCVImagePtr[m[K cv_ptr;
      |                [01;31m[K^~~~~~~~~~[m[K
      |                [32m[KCvImagePtr[m[K
[01m[K/home/yusuf/ros2_ws/src/robot_sensing/src/linefollowing.cpp:36:5:[m[K [01;31m[Kerror: [m[Kâ€˜[01m[Kcv_ptr[m[Kâ€™ was not declared in this scope; did you mean â€˜[01m[Ksi_ptr[m[Kâ€™?
   36 |     [01;31m[Kcv_ptr[m[K = cv_bridge::toCVCopy(camera_msg,"bgr8");
      |     [01;31m[K^~~~~~[m[K
      |     [32m[Ksi_ptr[m[K
[01m[K/home/yusuf/ros2_ws/src/robot_sensing/src/linefollowing.cpp:36:25:[m[K [01;31m[Kerror: [m[Kâ€˜[01m[KtoCVCopy[m[Kâ€™ is not a member of â€˜[01m[Kcv_bridge[m[Kâ€™; did you mean â€˜[01m[KtoCvCopy[m[Kâ€™?
   36 |     cv_ptr = cv_bridge::[01;31m[KtoCVCopy[m[K(camera_msg,"bgr8");
      |                         [01;31m[K^~~~~~~~[m[K
      |                         [32m[KtoCvCopy[m[K
gmake[2]: *** [CMakeFiles/line_following.dir/build.make:76: CMakeFiles/line_following.dir/src/linefollowing.cpp.o] Error 1
gmake[1]: *** [CMakeFiles/Makefile2:193: CMakeFiles/line_following.dir/all] Error 2
gmake: *** [Makefile:146: all] Error 2
