[0.057s] Invoking command in '/home/yusuf/ros2_ws/build/robot_sensing': CMAKE_PREFIX_PATH=${CMAKE_PREFIX_PATH}:/home/yusuf/ros2_ws/install/urdf_tutorial_r2d2:/home/yusuf/ros2_ws/install/turtlebot3_teleop:/home/yusuf/ros2_ws/install/turtlebot3_example:/home/yusuf/ros2_ws/install/robot_python:/opt/ros/humble /usr/bin/cmake --build /home/yusuf/ros2_ws/build/robot_sensing -- -j8 -l8
[0.255s] [35m[1mConsolidate compiler generated dependencies of target line_following[0m
[0.306s] [ 33%] Built target maze_lidar
[0.310s] [ 66%] Built target odom_kinematic
[0.356s] [ 83%] [32mBuilding CXX object CMakeFiles/line_following.dir/src/linefollowing.cpp.o[0m
[15.661s] [01m[K/home/yusuf/ros2_ws/src/robot_sensing/src/linefollowing.cpp:[m[K In member function â€˜[01m[Kvoid LineFollowing::subCallback(sensor_msgs::msg::Image_<std::allocator<void> >::SharedPtr)[m[Kâ€™:
[15.662s] [01m[K/home/yusuf/ros2_ws/src/robot_sensing/src/linefollowing.cpp:35:16:[m[K [01;31m[Kerror: [m[Kâ€˜[01m[KCVImagePtr[m[Kâ€™ is not a member of â€˜[01m[Kcv_bridge[m[Kâ€™; did you mean â€˜[01m[KCvImagePtr[m[Kâ€™?
[15.662s]    35 |     cv_bridge::[01;31m[KCVImagePtr[m[K cv_ptr;
[15.663s]       |                [01;31m[K^~~~~~~~~~[m[K
[15.663s]       |                [32m[KCvImagePtr[m[K
[15.696s] [01m[K/home/yusuf/ros2_ws/src/robot_sensing/src/linefollowing.cpp:36:5:[m[K [01;31m[Kerror: [m[Kâ€˜[01m[Kcv_ptr[m[Kâ€™ was not declared in this scope; did you mean â€˜[01m[Ksi_ptr[m[Kâ€™?
[15.697s]    36 |     [01;31m[Kcv_ptr[m[K = cv_bridge::toCVCopy(camera_msg,"bgr8");
[15.698s]       |     [01;31m[K^~~~~~[m[K
[15.699s]       |     [32m[Ksi_ptr[m[K
[15.699s] [01m[K/home/yusuf/ros2_ws/src/robot_sensing/src/linefollowing.cpp:36:25:[m[K [01;31m[Kerror: [m[Kâ€˜[01m[KtoCVCopy[m[Kâ€™ is not a member of â€˜[01m[Kcv_bridge[m[Kâ€™; did you mean â€˜[01m[KtoCvCopy[m[Kâ€™?
[15.700s]    36 |     cv_ptr = cv_bridge::[01;31m[KtoCVCopy[m[K(camera_msg,"bgr8");
[15.700s]       |                         [01;31m[K^~~~~~~~[m[K
[15.701s]       |                         [32m[KtoCvCopy[m[K
[27.227s] gmake[2]: *** [CMakeFiles/line_following.dir/build.make:76: CMakeFiles/line_following.dir/src/linefollowing.cpp.o] Error 1
[27.228s] gmake[1]: *** [CMakeFiles/Makefile2:193: CMakeFiles/line_following.dir/all] Error 2
[27.228s] gmake: *** [Makefile:146: all] Error 2
[27.233s] Invoked command in '/home/yusuf/ros2_ws/build/robot_sensing' returned '2': CMAKE_PREFIX_PATH=${CMAKE_PREFIX_PATH}:/home/yusuf/ros2_ws/install/urdf_tutorial_r2d2:/home/yusuf/ros2_ws/install/turtlebot3_teleop:/home/yusuf/ros2_ws/install/turtlebot3_example:/home/yusuf/ros2_ws/install/robot_python:/opt/ros/humble /usr/bin/cmake --build /home/yusuf/ros2_ws/build/robot_sensing -- -j8 -l8
