[01m[K/home/yusuf/ros2_ws/src/robot_sensing/src/linefollowing.cpp:[m[K In constructor â€˜[01m[KLineFollowing::LineFollowing()[m[Kâ€™:
[01m[K/home/yusuf/ros2_ws/src/robot_sensing/src/linefollowing.cpp:24:5:[m[K [01;31m[Kerror: [m[Kâ€˜[01m[K_subscriber[m[Kâ€™ was not declared in this scope; did you mean â€˜[01m[Kcount_subscribers[m[Kâ€™?
   24 |     [01;31m[K_subscriber[m[K = this->create_subscription<sensor_msgs::msg::Image>(
      |     [01;31m[K^~~~~~~~~~~[m[K
      |     [32m[Kcount_subscribers[m[K
[01m[K/home/yusuf/ros2_ws/src/robot_sensing/src/linefollowing.cpp:27:5:[m[K [01;31m[Kerror: [m[Kâ€˜[01m[K_publisher[m[Kâ€™ was not declared in this scope; did you mean â€˜[01m[Krmw_publisher_t[m[Kâ€™?
   27 |     [01;31m[K_publisher[m[K = this->create_publisher<geometry_msgs::msg::Twist>("/cmd_vel", 10);
      |     [01;31m[K^~~~~~~~~~[m[K
      |     [32m[Krmw_publisher_t[m[K
[01m[K/home/yusuf/ros2_ws/src/robot_sensing/src/linefollowing.cpp:[m[K At global scope:
[01m[K/home/yusuf/ros2_ws/src/robot_sensing/src/linefollowing.cpp:83:32:[m[K [01;31m[Kerror: [m[Kexpected initializer before â€˜[01m[K_timer[m[Kâ€™
   83 |   rclcpp::TimerBase::SharedPtr [01;31m[K_timer[m[K;
      |                                [01;31m[K^~~~~~[m[K
[01m[K/home/yusuf/ros2_ws/src/robot_sensing/src/linefollowing.cpp:88:1:[m[K [01;31m[Kerror: [m[Kexpected declaration before â€˜[01m[K}[m[Kâ€™ token
   88 | [01;31m[K}[m[K;
      | [01;31m[K^[m[K
gmake[2]: *** [CMakeFiles/line_following.dir/build.make:76: CMakeFiles/line_following.dir/src/linefollowing.cpp.o] Error 1
gmake[1]: *** [CMakeFiles/Makefile2:193: CMakeFiles/line_following.dir/all] Error 2
gmake: *** [Makefile:146: all] Error 2
