[0.100s] Invoking command in '/home/yusuf/ros2_ws/build/ros_fundamental': CMAKE_PREFIX_PATH=${CMAKE_PREFIX_PATH}:/home/yusuf/ros2_ws/install/urdf_tutorial_r2d2:/home/yusuf/ros2_ws/install/turtlebot3_teleop:/home/yusuf/ros2_ws/install/turtlebot3_example:/home/yusuf/ros2_ws/install/robot_python:/opt/ros/humble /usr/bin/cmake --build /home/yusuf/ros2_ws/build/ros_fundamental -- -j8 -l8
[0.134s] -- Found ament_cmake: 1.3.8 (/opt/ros/humble/share/ament_cmake/cmake)
[0.311s] -- Found ament_lint_auto: 0.12.10 (/opt/ros/humble/share/ament_lint_auto/cmake)
[0.382s] -- Added test 'cppcheck' to perform static code analysis on C / C++ code
[0.382s] -- Configured cppcheck include dirs: 
[0.383s] -- Configured cppcheck exclude dirs and/or files: 
[0.383s] -- Added test 'lint_cmake' to check CMake code style
[0.384s] -- Added test 'uncrustify' to check C / C++ code style
[0.384s] -- Configured uncrustify additional arguments: 
[0.385s] -- Added test 'xmllint' to check XML markup files
[0.386s] -- Configuring done
[0.392s] -- Generating done
[0.393s] -- Build files have been written to: /home/yusuf/ros2_ws/build/ros_fundamental
[0.429s] [ 50%] [32mBuilding CXX object CMakeFiles/listener.dir/src/subscriber.cpp.o[0m
[0.429s] [ 50%] [32mBuilding CXX object CMakeFiles/talker.dir/src/publisher.cpp.o[0m
[0.454s] [100%] [32m[1mLinking CXX executable talker[0m
[0.455s] [100%] [32m[1mLinking CXX executable listener[0m
[0.494s] /usr/bin/ld/usr/bin/ld: : /usr/lib/gcc/x86_64-linux-gnu/11/../../../x86_64-linux-gnu/Scrt1.o/usr/lib/gcc/x86_64-linux-gnu/11/../../../x86_64-linux-gnu/Scrt1.o: in function `: in function `_start_start':
[0.494s] ':
[0.494s] ((.text.text+0x+0x1b1b)): undefined reference to `: undefined reference to `mainmain'
[0.495s] '
[0.496s] collect2: error: ld returned 1 exit status
[0.496s] collect2: error: ld returned 1 exit status
[0.498s] gmake[2]: *** [CMakeFiles/talker.dir/build.make:97: talker] Error 1
[0.499s] gmake[2]: *** [CMakeFiles/listener.dir/build.make:97: listener] Error 1
[0.499s] gmake[1]: *** [CMakeFiles/Makefile2:139: CMakeFiles/talker.dir/all] Error 2
[0.499s] gmake[1]: *** Waiting for unfinished jobs....
[0.499s] gmake[1]: *** [CMakeFiles/Makefile2:165: CMakeFiles/listener.dir/all] Error 2
[0.499s] gmake: *** [Makefile:146: all] Error 2
[0.502s] Invoked command in '/home/yusuf/ros2_ws/build/ros_fundamental' returned '2': CMAKE_PREFIX_PATH=${CMAKE_PREFIX_PATH}:/home/yusuf/ros2_ws/install/urdf_tutorial_r2d2:/home/yusuf/ros2_ws/install/turtlebot3_teleop:/home/yusuf/ros2_ws/install/turtlebot3_example:/home/yusuf/ros2_ws/install/robot_python:/opt/ros/humble /usr/bin/cmake --build /home/yusuf/ros2_ws/build/ros_fundamental -- -j8 -l8
